

================================================================
== Vivado HLS Report for 'hls_action'
================================================================
* Date:           Thu Oct 19 17:33:18 2017

* Version:        2016.4 (Build 1733598 on Wed Dec 14 22:59:20 MST 2016)
* Project:        hlsDoubleMult_xcku060-ffva1156-2-e
* Solution:       doublemult
* Product family: kintexu
* Target device:  xcku060-ffva1156-2-e


================================================================
== Performance Estimates
================================================================
+ Timing (ns): 
    * Summary: 
    +--------+-------+----------+------------+
    |  Clock | Target| Estimated| Uncertainty|
    +--------+-------+----------+------------+
    |ap_clk  |   4.00|      3.50|        0.50|
    +--------+-------+----------+------------+

+ Latency (clock cycles): 
    * Summary: 
    +-----+-----+-----+-----+---------+
    |  Latency  |  Interval | Pipeline|
    | min | max | min | max |   Type  |
    +-----+-----+-----+-----+---------+
    |    1|   35|    2|   36|   none  |
    +-----+-----+-----+-----+---------+

    + Detail: 
        * Instance: 
        +---------------------------+----------------+-----+-----+-----+-----+---------+
        |                           |                |  Latency  |  Interval | Pipeline|
        |          Instance         |     Module     | min | max | min | max |   Type  |
        +---------------------------+----------------+-----+-----+-----+-----+---------+
        |grp_process_action_fu_138  |process_action  |    1|   34|    1|   34|   none  |
        +---------------------------+----------------+-----+-----+-----+-----+---------+

        * Loop: 
        N/A



================================================================
== Utilization Estimates
================================================================
* Summary: 
+-----------------+---------+-------+--------+--------+
|       Name      | BRAM_18K| DSP48E|   FF   |   LUT  |
+-----------------+---------+-------+--------+--------+
|DSP              |        -|      -|       -|       -|
|Expression       |        -|      -|       0|       3|
|FIFO             |        -|      -|       -|       -|
|Instance         |       58|     11|    4723|    6552|
|Memory           |        -|      -|       -|       -|
|Multiplexer      |        -|      -|       -|      26|
|Register         |        -|      -|     290|       -|
+-----------------+---------+-------+--------+--------+
|Total            |       58|     11|    5013|    6581|
+-----------------+---------+-------+--------+--------+
|Available        |     2160|   2760|  663360|  331680|
+-----------------+---------+-------+--------+--------+
|Utilization (%)  |        2|   ~0  |   ~0   |       1|
+-----------------+---------+-------+--------+--------+

+ Detail: 
    * Instance: 
    +-----------------------------+---------------------------+---------+-------+------+------+
    |           Instance          |           Module          | BRAM_18K| DSP48E|  FF  |  LUT |
    +-----------------------------+---------------------------+---------+-------+------+------+
    |hls_action_ctrl_reg_s_axi_U  |hls_action_ctrl_reg_s_axi  |        0|      0|  2242|  4392|
    |hls_action_host_mem_m_axi_U  |hls_action_host_mem_m_axi  |       58|      0|  1415|  1585|
    |grp_process_action_fu_138    |process_action             |        0|     11|  1066|   575|
    +-----------------------------+---------------------------+---------+-------+------+------+
    |Total                        |                           |       58|     11|  4723|  6552|
    +-----------------------------+---------------------------+---------+-------+------+------+

    * DSP48: 
    N/A

    * Memory: 
    N/A

    * FIFO: 
    N/A

    * Expression: 
    +----------------+----------+-------+---+----+------------+------------+
    |  Variable Name | Operation| DSP48E| FF| LUT| Bitwidth P0| Bitwidth P1|
    +----------------+----------+-------+---+----+------------+------------+
    |cond_fu_181_p2  |   icmp   |      0|  0|   3|           8|           1|
    +----------------+----------+-------+---+----+------------+------------+
    |Total           |          |      0|  0|   3|           8|           1|
    +----------------+----------+-------+---+----+------------+------------+

    * Multiplexer: 
    +--------------------------+----+-----------+-----+-----------+
    |           Name           | LUT| Input Size| Bits| Total Bits|
    +--------------------------+----+-----------+-----+-----------+
    |ap_NS_fsm                 |   1|          3|    1|          3|
    |host_mem_ARVALID          |   1|          2|    1|          2|
    |host_mem_AWVALID          |   1|          2|    1|          2|
    |host_mem_BREADY           |   1|          2|    1|          2|
    |host_mem_RREADY           |   1|          2|    1|          2|
    |host_mem_WVALID           |   1|          2|    1|          2|
    |storemerge_phi_fu_131_p4  |  10|          2|   10|         20|
    |storemerge_reg_127        |  10|          2|   10|         20|
    +--------------------------+----+-----------+-----+-----------+
    |Total                     |  26|         17|   26|         53|
    +--------------------------+----+-----------+-----+-----------+

    * Register: 
    +-------------------------------------------+----+----+-----+-----------+
    |                    Name                   | FF | LUT| Bits| Const Bits|
    +-------------------------------------------+----+----+-----+-----------+
    |act_reg_Data_in_addr_reg_260               |  64|   0|   64|          0|
    |act_reg_Data_in_size_reg_265               |  32|   0|   32|          0|
    |act_reg_Data_out_add_reg_270               |  64|   0|   64|          0|
    |ap_CS_fsm                                  |   2|   0|    2|          0|
    |ap_reg_grp_process_action_fu_138_ap_start  |   1|   0|    1|          0|
    |cond_reg_256                               |   1|   0|    1|          0|
    |din_gmem_V1_reg_251                        |  58|   0|   58|          0|
    |dout_gmem_V3_reg_246                       |  58|   0|   58|          0|
    |storemerge_reg_127                         |  10|   0|   14|          4|
    +-------------------------------------------+----+----+-----+-----------+
    |Total                                      | 290|   0|  294|          4|
    +-------------------------------------------+----+----+-----+-----------+



================================================================
== Interface
================================================================
* Summary: 
+-------------------------+-----+-----+------------+--------------+--------------+
|        RTL Ports        | Dir | Bits|  Protocol  | Source Object|    C Type    |
+-------------------------+-----+-----+------------+--------------+--------------+
|s_axi_ctrl_reg_AWVALID   |  in |    1|    s_axi   |   ctrl_reg   |  return void |
|s_axi_ctrl_reg_AWREADY   | out |    1|    s_axi   |   ctrl_reg   |  return void |
|s_axi_ctrl_reg_AWADDR    |  in |    9|    s_axi   |   ctrl_reg   |  return void |
|s_axi_ctrl_reg_WVALID    |  in |    1|    s_axi   |   ctrl_reg   |  return void |
|s_axi_ctrl_reg_WREADY    | out |    1|    s_axi   |   ctrl_reg   |  return void |
|s_axi_ctrl_reg_WDATA     |  in |   32|    s_axi   |   ctrl_reg   |  return void |
|s_axi_ctrl_reg_WSTRB     |  in |    4|    s_axi   |   ctrl_reg   |  return void |
|s_axi_ctrl_reg_ARVALID   |  in |    1|    s_axi   |   ctrl_reg   |  return void |
|s_axi_ctrl_reg_ARREADY   | out |    1|    s_axi   |   ctrl_reg   |  return void |
|s_axi_ctrl_reg_ARADDR    |  in |    9|    s_axi   |   ctrl_reg   |  return void |
|s_axi_ctrl_reg_RVALID    | out |    1|    s_axi   |   ctrl_reg   |  return void |
|s_axi_ctrl_reg_RREADY    |  in |    1|    s_axi   |   ctrl_reg   |  return void |
|s_axi_ctrl_reg_RDATA     | out |   32|    s_axi   |   ctrl_reg   |  return void |
|s_axi_ctrl_reg_RRESP     | out |    2|    s_axi   |   ctrl_reg   |  return void |
|s_axi_ctrl_reg_BVALID    | out |    1|    s_axi   |   ctrl_reg   |  return void |
|s_axi_ctrl_reg_BREADY    |  in |    1|    s_axi   |   ctrl_reg   |  return void |
|s_axi_ctrl_reg_BRESP     | out |    2|    s_axi   |   ctrl_reg   |  return void |
|ap_clk                   |  in |    1| ap_ctrl_hs |  hls_action  | return value |
|ap_rst_n                 |  in |    1| ap_ctrl_hs |  hls_action  | return value |
|interrupt                | out |    1| ap_ctrl_hs |  hls_action  | return value |
|m_axi_host_mem_AWVALID   | out |    1|    m_axi   |   host_mem   |    pointer   |
|m_axi_host_mem_AWREADY   |  in |    1|    m_axi   |   host_mem   |    pointer   |
|m_axi_host_mem_AWADDR    | out |   64|    m_axi   |   host_mem   |    pointer   |
|m_axi_host_mem_AWID      | out |    1|    m_axi   |   host_mem   |    pointer   |
|m_axi_host_mem_AWLEN     | out |    8|    m_axi   |   host_mem   |    pointer   |
|m_axi_host_mem_AWSIZE    | out |    3|    m_axi   |   host_mem   |    pointer   |
|m_axi_host_mem_AWBURST   | out |    2|    m_axi   |   host_mem   |    pointer   |
|m_axi_host_mem_AWLOCK    | out |    2|    m_axi   |   host_mem   |    pointer   |
|m_axi_host_mem_AWCACHE   | out |    4|    m_axi   |   host_mem   |    pointer   |
|m_axi_host_mem_AWPROT    | out |    3|    m_axi   |   host_mem   |    pointer   |
|m_axi_host_mem_AWQOS     | out |    4|    m_axi   |   host_mem   |    pointer   |
|m_axi_host_mem_AWREGION  | out |    4|    m_axi   |   host_mem   |    pointer   |
|m_axi_host_mem_AWUSER    | out |    1|    m_axi   |   host_mem   |    pointer   |
|m_axi_host_mem_WVALID    | out |    1|    m_axi   |   host_mem   |    pointer   |
|m_axi_host_mem_WREADY    |  in |    1|    m_axi   |   host_mem   |    pointer   |
|m_axi_host_mem_WDATA     | out |  512|    m_axi   |   host_mem   |    pointer   |
|m_axi_host_mem_WSTRB     | out |   64|    m_axi   |   host_mem   |    pointer   |
|m_axi_host_mem_WLAST     | out |    1|    m_axi   |   host_mem   |    pointer   |
|m_axi_host_mem_WID       | out |    1|    m_axi   |   host_mem   |    pointer   |
|m_axi_host_mem_WUSER     | out |    1|    m_axi   |   host_mem   |    pointer   |
|m_axi_host_mem_ARVALID   | out |    1|    m_axi   |   host_mem   |    pointer   |
|m_axi_host_mem_ARREADY   |  in |    1|    m_axi   |   host_mem   |    pointer   |
|m_axi_host_mem_ARADDR    | out |   64|    m_axi   |   host_mem   |    pointer   |
|m_axi_host_mem_ARID      | out |    1|    m_axi   |   host_mem   |    pointer   |
|m_axi_host_mem_ARLEN     | out |    8|    m_axi   |   host_mem   |    pointer   |
|m_axi_host_mem_ARSIZE    | out |    3|    m_axi   |   host_mem   |    pointer   |
|m_axi_host_mem_ARBURST   | out |    2|    m_axi   |   host_mem   |    pointer   |
|m_axi_host_mem_ARLOCK    | out |    2|    m_axi   |   host_mem   |    pointer   |
|m_axi_host_mem_ARCACHE   | out |    4|    m_axi   |   host_mem   |    pointer   |
|m_axi_host_mem_ARPROT    | out |    3|    m_axi   |   host_mem   |    pointer   |
|m_axi_host_mem_ARQOS     | out |    4|    m_axi   |   host_mem   |    pointer   |
|m_axi_host_mem_ARREGION  | out |    4|    m_axi   |   host_mem   |    pointer   |
|m_axi_host_mem_ARUSER    | out |    1|    m_axi   |   host_mem   |    pointer   |
|m_axi_host_mem_RVALID    |  in |    1|    m_axi   |   host_mem   |    pointer   |
|m_axi_host_mem_RREADY    | out |    1|    m_axi   |   host_mem   |    pointer   |
|m_axi_host_mem_RDATA     |  in |  512|    m_axi   |   host_mem   |    pointer   |
|m_axi_host_mem_RLAST     |  in |    1|    m_axi   |   host_mem   |    pointer   |
|m_axi_host_mem_RID       |  in |    1|    m_axi   |   host_mem   |    pointer   |
|m_axi_host_mem_RUSER     |  in |    1|    m_axi   |   host_mem   |    pointer   |
|m_axi_host_mem_RRESP     |  in |    2|    m_axi   |   host_mem   |    pointer   |
|m_axi_host_mem_BVALID    |  in |    1|    m_axi   |   host_mem   |    pointer   |
|m_axi_host_mem_BREADY    | out |    1|    m_axi   |   host_mem   |    pointer   |
|m_axi_host_mem_BRESP     |  in |    2|    m_axi   |   host_mem   |    pointer   |
|m_axi_host_mem_BID       |  in |    1|    m_axi   |   host_mem   |    pointer   |
|m_axi_host_mem_BUSER     |  in |    1|    m_axi   |   host_mem   |    pointer   |
+-------------------------+-----+-----+------------+--------------+--------------+

============================================================
+ Verbose Summary: Synthesis Manager
============================================================
InlineROM: 1
ExposeGlobal: 0
============================================================
+ Verbose Summary: CDFG Model
============================================================
IsTopModel: 1
ResetActiveHigh: 1
IsCombinational: 2
IsDatapathOnly: 2
HasWiredReturn: 1
HasMFsm: 0
HasVarLatency: 1
IsPipeline: 0
IsRtlPipelined: 0
IsInstanceOverlapped: 0
IsDontTouch: 0
HasImplIP: 0
IsGatedGlobalClock: 0


============================================================
+ Verbose Summary: Schedule
============================================================
* Number of FSM states: 2
* Pipeline: 0
* Dataflow Pipeline: 0

* FSM state transitions: 
1 --> 
	2  / true
2 --> 
* FSM state operations: 

 <State 1>: 3.33ns
ST_1: dout_gmem_V_read (6)  [1/1] 1.00ns
:0  %dout_gmem_V_read = call i64 @_ssdm_op_Read.s_axilite.i64(i64 %dout_gmem_V)

ST_1: din_gmem_V_read (7)  [1/1] 1.00ns
:1  %din_gmem_V_read = call i64 @_ssdm_op_Read.s_axilite.i64(i64 %din_gmem_V)

ST_1: dout_gmem_V3 (8)  [1/1] 0.00ns
:2  %dout_gmem_V3 = call i58 @_ssdm_op_PartSelect.i58.i64.i32.i32(i64 %dout_gmem_V_read, i32 6, i32 63)

ST_1: din_gmem_V1 (9)  [1/1] 0.00ns
:3  %din_gmem_V1 = call i58 @_ssdm_op_PartSelect.i58.i64.i32.i32(i64 %din_gmem_V_read, i32 6, i32 63)

ST_1: StgValue_7 (10)  [1/1] 0.00ns
:4  call void (...)* @_ssdm_op_SpecBitsMap(i512* %host_mem), !map !65

ST_1: StgValue_8 (11)  [1/1] 0.00ns
:5  call void (...)* @_ssdm_op_SpecBitsMap(i992* %act_reg), !map !72

ST_1: StgValue_9 (12)  [1/1] 0.00ns
:6  call void (...)* @_ssdm_op_SpecBitsMap(i64* %Action_Config), !map !492

ST_1: StgValue_10 (13)  [1/1] 0.00ns
:7  call void (...)* @_ssdm_op_SpecTopModule([11 x i8]* @hls_action_str) nounwind

ST_1: StgValue_11 (14)  [1/1] 0.00ns  loc: action_doublemult.cpp:128
:8  call void (...)* @_ssdm_op_SpecInterface(i512* %host_mem, [6 x i8]* @p_str, i32 0, i32 0, [1 x i8]* @p_str1, i32 0, i32 512, [9 x i8]* @p_str2, [6 x i8]* @p_str3, [1 x i8]* @p_str1, i32 16, i32 16, i32 64, i32 64, [1 x i8]* @p_str1, [1 x i8]* @p_str1) nounwind

ST_1: StgValue_12 (15)  [1/1] 0.00ns  loc: action_doublemult.cpp:130
:9  call void (...)* @_ssdm_op_SpecInterface(i64 %din_gmem_V, [10 x i8]* @p_str4, i32 0, i32 0, [1 x i8]* @p_str1, i32 0, i32 0, [9 x i8]* @p_str5, [6 x i8]* @p_str6, [1 x i8]* @p_str1, i32 0, i32 0, i32 0, i32 0, [1 x i8]* @p_str1, [1 x i8]* @p_str1) nounwind

ST_1: StgValue_13 (16)  [1/1] 0.00ns  loc: action_doublemult.cpp:134
:10  call void (...)* @_ssdm_op_SpecInterface(i64 %dout_gmem_V, [10 x i8]* @p_str4, i32 0, i32 0, [1 x i8]* @p_str1, i32 0, i32 0, [9 x i8]* @p_str5, [6 x i8]* @p_str7, [1 x i8]* @p_str1, i32 0, i32 0, i32 0, i32 0, [1 x i8]* @p_str1, [1 x i8]* @p_str1) nounwind

ST_1: StgValue_14 (17)  [1/1] 0.00ns
:11  call void (...)* @_ssdm_op_SpecInterface(i64* %Action_Config, [10 x i8]* @p_str4, i32 0, i32 0, [1 x i8]* @p_str1, i32 0, i32 0, [9 x i8]* @p_str5, [6 x i8]* @p_str8, [1 x i8]* @p_str1, i32 0, i32 0, i32 0, i32 0, [1 x i8]* @p_str1, [1 x i8]* @p_str1) nounwind

ST_1: StgValue_15 (18)  [1/1] 0.00ns
:12  call void (...)* @_ssdm_op_SpecInterface(i992* %act_reg, [10 x i8]* @p_str4, i32 0, i32 0, [1 x i8]* @p_str1, i32 0, i32 0, [9 x i8]* @p_str5, [6 x i8]* @p_str9, [1 x i8]* @p_str1, i32 0, i32 0, i32 0, i32 0, [1 x i8]* @p_str1, [1 x i8]* @p_str1) nounwind

ST_1: StgValue_16 (19)  [1/1] 0.00ns  loc: action_doublemult.cpp:146
:13  call void (...)* @_ssdm_op_SpecInterface(i32 0, [10 x i8]* @p_str4, i32 0, i32 0, [1 x i8]* @p_str1, i32 0, i32 0, [9 x i8]* @p_str5, [1 x i8]* @p_str1, [1 x i8]* @p_str1, i32 0, i32 0, i32 0, i32 0, [1 x i8]* @p_str1, [1 x i8]* @p_str1) nounwind

ST_1: act_reg_read (20)  [1/1] 1.00ns  loc: action_doublemult.cpp:152
:14  %act_reg_read = call i992 @_ssdm_op_Read.s_axilite.i992P(i992* %act_reg)

ST_1: act_reg_Control_flag (21)  [1/1] 0.00ns  loc: action_doublemult.cpp:152
:15  %act_reg_Control_flag = call i8 @_ssdm_op_PartSelect.i8.i992.i32.i32(i992 %act_reg_read, i32 8, i32 15)

ST_1: cond (22)  [1/1] 1.34ns  loc: action_doublemult.cpp:152
:16  %cond = icmp eq i8 %act_reg_Control_flag, 0

ST_1: StgValue_20 (23)  [1/1] 0.00ns  loc: action_doublemult.cpp:152
:17  br i1 %cond, label %1, label %2

ST_1: act_reg_Data_in_addr (25)  [1/1] 0.00ns  loc: action_doublemult.cpp:161
:0  %act_reg_Data_in_addr = call i64 @_ssdm_op_PartSelect.i64.i992.i32.i32(i992 %act_reg_read, i32 128, i32 191)

ST_1: act_reg_Data_in_size (26)  [1/1] 0.00ns  loc: action_doublemult.cpp:161
:1  %act_reg_Data_in_size = call i32 @_ssdm_op_PartSelect.i32.i992.i32.i32(i992 %act_reg_read, i32 192, i32 223)

ST_1: act_reg_Data_out_add (27)  [1/1] 0.00ns  loc: action_doublemult.cpp:161
:2  %act_reg_Data_out_add = call i64 @_ssdm_op_PartSelect.i64.i992.i32.i32(i992 %act_reg_read, i32 256, i32 319)

ST_1: tmp_6 (28)  [2/2] 2.33ns  loc: action_doublemult.cpp:161
:3  %tmp_6 = call fastcc i9 @process_action(i512* %host_mem, i58 %din_gmem_V1, i58 %dout_gmem_V3, i64 %act_reg_Data_in_addr, i32 %act_reg_Data_in_size, i64 %act_reg_Data_out_add)

ST_1: StgValue_25 (32)  [1/1] 1.00ns  loc: action_doublemult.cpp:155
:0  call void @_ssdm_op_Write.s_axilite.i64P(i64* %Action_Config, i64 142003671049)

ST_1: StgValue_26 (33)  [1/1] 0.89ns  loc: action_doublemult.cpp:157
:1  br label %3


 <State 2>: 2.78ns
ST_2: tmp_6 (28)  [1/2] 0.89ns  loc: action_doublemult.cpp:161
:3  %tmp_6 = call fastcc i9 @process_action(i512* %host_mem, i58 %din_gmem_V1, i58 %dout_gmem_V3, i64 %act_reg_Data_in_addr, i32 %act_reg_Data_in_size, i64 %act_reg_Data_out_add)

ST_2: storemerge_trunc_ext (29)  [1/1] 0.00ns  loc: action_doublemult.cpp:162
:4  %storemerge_trunc_ext = zext i9 %tmp_6 to i14

ST_2: StgValue_29 (30)  [1/1] 0.89ns  loc: action_doublemult.cpp:162
:5  br label %3

ST_2: storemerge (35)  [1/1] 0.00ns  loc: action_doublemult.cpp:162
:0  %storemerge = phi i14 [ %storemerge_trunc_ext, %2 ], [ -8177, %1 ]

ST_2: storemerge_cast5 (36)  [1/1] 0.00ns  loc: action_doublemult.cpp:156
:1  %storemerge_cast5 = sext i14 %storemerge to i16

ST_2: storemerge_cast1 (37)  [1/1] 0.00ns  loc: action_doublemult.cpp:156
:2  %storemerge_cast1 = zext i16 %storemerge_cast5 to i32

ST_2: act_reg_read_1 (38)  [1/1] 1.00ns  loc: action_doublemult.cpp:156
:3  %act_reg_read_1 = call i992 @_ssdm_op_Read.s_axilite.i992P(i992* %act_reg)

ST_2: act_reg11_part_set (39)  [1/1] 0.00ns  loc: action_doublemult.cpp:156
:4  %act_reg11_part_set = call i992 @llvm.part.set.i992.i32(i992 %act_reg_read_1, i32 %storemerge_cast1, i32 32, i32 63)

ST_2: StgValue_35 (40)  [1/1] 1.00ns  loc: action_doublemult.cpp:156
:5  call void @_ssdm_op_Write.s_axilite.i992P(i992* %act_reg, i992 %act_reg11_part_set)

ST_2: StgValue_36 (41)  [1/1] 0.00ns  loc: action_doublemult.cpp:164
:6  ret void



============================================================
+ Verbose Summary: Binding
============================================================
STG Binding: 
---------------- STG Properties BEGIN ----------------
- Is combinational: 0
- Is one-state seq: 0
- Is datapath-only: 0
- Is clock enabled: 0
- Is pipelined: 0
- Is top level: 1
Port [ Return ] is wired: 1; IO mode=ap_ctrl_hs:ce=0
Port [ host_mem]:  wired=1; compound=1; hidden=0; nouse=0; global=0; static=0; extern=0; dir=2; type=4; pingpong=0; private_global=0; IO mode=m_axi:ce=0
Port [ din_gmem_V]:  wired=1; compound=0; hidden=0; nouse=0; global=0; static=0; extern=0; dir=0; type=0; pingpong=0; private_global=0; IO mode=ap_none:ce=0
Port [ dout_gmem_V]:  wired=1; compound=0; hidden=0; nouse=0; global=0; static=0; extern=0; dir=0; type=0; pingpong=0; private_global=0; IO mode=ap_none:ce=0
Port [ act_reg]:  wired=1; compound=0; hidden=0; nouse=0; global=0; static=0; extern=0; dir=2; type=0; pingpong=0; private_global=0; IO mode=ap_ovld:ce=0
Port [ Action_Config]:  wired=1; compound=0; hidden=0; nouse=0; global=0; static=0; extern=0; dir=1; type=0; pingpong=0; private_global=0; IO mode=ap_vld:ce=0
---------------- STG Properties END ------------------

---------------- Datapath Model BEGIN ----------------

<LifeTime>
<method=bitvector/>
dout_gmem_V_read     (read         ) [ 000]
din_gmem_V_read      (read         ) [ 000]
dout_gmem_V3         (partselect   ) [ 001]
din_gmem_V1          (partselect   ) [ 001]
StgValue_7           (specbitsmap  ) [ 000]
StgValue_8           (specbitsmap  ) [ 000]
StgValue_9           (specbitsmap  ) [ 000]
StgValue_10          (spectopmodule) [ 000]
StgValue_11          (specinterface) [ 000]
StgValue_12          (specinterface) [ 000]
StgValue_13          (specinterface) [ 000]
StgValue_14          (specinterface) [ 000]
StgValue_15          (specinterface) [ 000]
StgValue_16          (specinterface) [ 000]
act_reg_read         (read         ) [ 000]
act_reg_Control_flag (partselect   ) [ 000]
cond                 (icmp         ) [ 011]
StgValue_20          (br           ) [ 000]
act_reg_Data_in_addr (partselect   ) [ 001]
act_reg_Data_in_size (partselect   ) [ 001]
act_reg_Data_out_add (partselect   ) [ 001]
StgValue_25          (write        ) [ 000]
StgValue_26          (br           ) [ 011]
tmp_6                (call         ) [ 000]
storemerge_trunc_ext (zext         ) [ 000]
StgValue_29          (br           ) [ 000]
storemerge           (phi          ) [ 001]
storemerge_cast5     (sext         ) [ 000]
storemerge_cast1     (zext         ) [ 000]
act_reg_read_1       (read         ) [ 000]
act_reg11_part_set   (partset      ) [ 000]
StgValue_35          (write        ) [ 000]
StgValue_36          (ret          ) [ 000]
</LifeTime>

<model>

<comp_list>
<comp id="0" class="1000" name="host_mem">
<pin_list>
<pin id="1" dir="1" index="0" bw="1" slack="0"/>
</pin_list>
<bind>
<StgValue><ssdm name="host_mem"/></StgValue>
</bind>
</comp>

<comp id="2" class="1000" name="din_gmem_V">
<pin_list>
<pin id="3" dir="1" index="0" bw="1" slack="0"/>
</pin_list>
<bind>
<StgValue><ssdm name="din_gmem_V"/></StgValue>
</bind>
</comp>

<comp id="4" class="1000" name="dout_gmem_V">
<pin_list>
<pin id="5" dir="1" index="0" bw="1" slack="0"/>
</pin_list>
<bind>
<StgValue><ssdm name="dout_gmem_V"/></StgValue>
</bind>
</comp>

<comp id="6" class="1000" name="act_reg">
<pin_list>
<pin id="7" dir="1" index="0" bw="1" slack="0"/>
</pin_list>
<bind>
<StgValue><ssdm name="act_reg"/></StgValue>
</bind>
</comp>

<comp id="8" class="1000" name="Action_Config">
<pin_list>
<pin id="9" dir="1" index="0" bw="1" slack="0"/>
</pin_list>
<bind>
<StgValue><ssdm name="Action_Config"/></StgValue>
</bind>
</comp>

<comp id="10" class="1001" name="const_10">
<pin_list>
<pin id="11" dir="1" index="0" bw="1" slack="0"/>
</pin_list>
<bind>
<StgValue><ssdm name="_ssdm_op_Read.s_axilite.i64"/></StgValue>
</bind>
</comp>

<comp id="12" class="1001" name="const_12">
<pin_list>
<pin id="13" dir="1" index="0" bw="1" slack="0"/>
</pin_list>
<bind>
<StgValue><ssdm name="_ssdm_op_PartSelect.i58.i64.i32.i32"/></StgValue>
</bind>
</comp>

<comp id="14" class="1001" name="const_14">
<pin_list>
<pin id="15" dir="1" index="0" bw="1" slack="0"/>
</pin_list>
<bind>
<StgValue><ssdm name=""/></StgValue>
</bind>
</comp>

<comp id="16" class="1001" name="const_16">
<pin_list>
<pin id="17" dir="1" index="0" bw="1" slack="0"/>
</pin_list>
<bind>
<StgValue><ssdm name=""/></StgValue>
</bind>
</comp>

<comp id="18" class="1001" name="const_18">
<pin_list>
<pin id="19" dir="1" index="0" bw="1" slack="2147483647"/>
</pin_list>
<bind>
<StgValue><ssdm name="_ssdm_op_SpecBitsMap"/></StgValue>
</bind>
</comp>

<comp id="20" class="1001" name="const_20">
<pin_list>
<pin id="21" dir="1" index="0" bw="1" slack="2147483647"/>
</pin_list>
<bind>
<StgValue><ssdm name="_ssdm_op_SpecTopModule"/></StgValue>
</bind>
</comp>

<comp id="22" class="1001" name="const_22">
<pin_list>
<pin id="23" dir="1" index="0" bw="1" slack="2147483647"/>
</pin_list>
<bind>
<StgValue><ssdm name="hls_action_str"/></StgValue>
</bind>
</comp>

<comp id="24" class="1001" name="const_24">
<pin_list>
<pin id="25" dir="1" index="0" bw="1" slack="2147483647"/>
</pin_list>
<bind>
<StgValue><ssdm name="_ssdm_op_SpecInterface"/></StgValue>
</bind>
</comp>

<comp id="26" class="1001" name="const_26">
<pin_list>
<pin id="27" dir="1" index="0" bw="1" slack="2147483647"/>
</pin_list>
<bind>
<StgValue><ssdm name="p_str"/></StgValue>
</bind>
</comp>

<comp id="28" class="1001" name="const_28">
<pin_list>
<pin id="29" dir="1" index="0" bw="1" slack="2147483647"/>
</pin_list>
<bind>
<StgValue><ssdm name=""/></StgValue>
</bind>
</comp>

<comp id="30" class="1001" name="const_30">
<pin_list>
<pin id="31" dir="1" index="0" bw="1" slack="2147483647"/>
</pin_list>
<bind>
<StgValue><ssdm name="p_str1"/></StgValue>
</bind>
</comp>

<comp id="32" class="1001" name="const_32">
<pin_list>
<pin id="33" dir="1" index="0" bw="1" slack="2147483647"/>
</pin_list>
<bind>
<StgValue><ssdm name=""/></StgValue>
</bind>
</comp>

<comp id="34" class="1001" name="const_34">
<pin_list>
<pin id="35" dir="1" index="0" bw="1" slack="2147483647"/>
</pin_list>
<bind>
<StgValue><ssdm name="p_str2"/></StgValue>
</bind>
</comp>

<comp id="36" class="1001" name="const_36">
<pin_list>
<pin id="37" dir="1" index="0" bw="1" slack="2147483647"/>
</pin_list>
<bind>
<StgValue><ssdm name="p_str3"/></StgValue>
</bind>
</comp>

<comp id="38" class="1001" name="const_38">
<pin_list>
<pin id="39" dir="1" index="0" bw="1" slack="2147483647"/>
</pin_list>
<bind>
<StgValue><ssdm name=""/></StgValue>
</bind>
</comp>

<comp id="40" class="1001" name="const_40">
<pin_list>
<pin id="41" dir="1" index="0" bw="1" slack="2147483647"/>
</pin_list>
<bind>
<StgValue><ssdm name=""/></StgValue>
</bind>
</comp>

<comp id="42" class="1001" name="const_42">
<pin_list>
<pin id="43" dir="1" index="0" bw="1" slack="2147483647"/>
</pin_list>
<bind>
<StgValue><ssdm name="p_str4"/></StgValue>
</bind>
</comp>

<comp id="44" class="1001" name="const_44">
<pin_list>
<pin id="45" dir="1" index="0" bw="1" slack="2147483647"/>
</pin_list>
<bind>
<StgValue><ssdm name="p_str5"/></StgValue>
</bind>
</comp>

<comp id="46" class="1001" name="const_46">
<pin_list>
<pin id="47" dir="1" index="0" bw="1" slack="2147483647"/>
</pin_list>
<bind>
<StgValue><ssdm name="p_str6"/></StgValue>
</bind>
</comp>

<comp id="48" class="1001" name="const_48">
<pin_list>
<pin id="49" dir="1" index="0" bw="1" slack="2147483647"/>
</pin_list>
<bind>
<StgValue><ssdm name="p_str7"/></StgValue>
</bind>
</comp>

<comp id="50" class="1001" name="const_50">
<pin_list>
<pin id="51" dir="1" index="0" bw="1" slack="2147483647"/>
</pin_list>
<bind>
<StgValue><ssdm name="p_str8"/></StgValue>
</bind>
</comp>

<comp id="52" class="1001" name="const_52">
<pin_list>
<pin id="53" dir="1" index="0" bw="1" slack="2147483647"/>
</pin_list>
<bind>
<StgValue><ssdm name="p_str9"/></StgValue>
</bind>
</comp>

<comp id="54" class="1001" name="const_54">
<pin_list>
<pin id="55" dir="1" index="0" bw="1" slack="0"/>
</pin_list>
<bind>
<StgValue><ssdm name="_ssdm_op_Read.s_axilite.i992P"/></StgValue>
</bind>
</comp>

<comp id="56" class="1001" name="const_56">
<pin_list>
<pin id="57" dir="1" index="0" bw="1" slack="0"/>
</pin_list>
<bind>
<StgValue><ssdm name="_ssdm_op_PartSelect.i8.i992.i32.i32"/></StgValue>
</bind>
</comp>

<comp id="58" class="1001" name="const_58">
<pin_list>
<pin id="59" dir="1" index="0" bw="1" slack="0"/>
</pin_list>
<bind>
<StgValue><ssdm name=""/></StgValue>
</bind>
</comp>

<comp id="60" class="1001" name="const_60">
<pin_list>
<pin id="61" dir="1" index="0" bw="1" slack="0"/>
</pin_list>
<bind>
<StgValue><ssdm name=""/></StgValue>
</bind>
</comp>

<comp id="62" class="1001" name="const_62">
<pin_list>
<pin id="63" dir="1" index="0" bw="1" slack="0"/>
</pin_list>
<bind>
<StgValue><ssdm name=""/></StgValue>
</bind>
</comp>

<comp id="64" class="1001" name="const_64">
<pin_list>
<pin id="65" dir="1" index="0" bw="1" slack="0"/>
</pin_list>
<bind>
<StgValue><ssdm name="_ssdm_op_PartSelect.i64.i992.i32.i32"/></StgValue>
</bind>
</comp>

<comp id="66" class="1001" name="const_66">
<pin_list>
<pin id="67" dir="1" index="0" bw="1" slack="0"/>
</pin_list>
<bind>
<StgValue><ssdm name=""/></StgValue>
</bind>
</comp>

<comp id="68" class="1001" name="const_68">
<pin_list>
<pin id="69" dir="1" index="0" bw="1" slack="0"/>
</pin_list>
<bind>
<StgValue><ssdm name=""/></StgValue>
</bind>
</comp>

<comp id="70" class="1001" name="const_70">
<pin_list>
<pin id="71" dir="1" index="0" bw="1" slack="0"/>
</pin_list>
<bind>
<StgValue><ssdm name="_ssdm_op_PartSelect.i32.i992.i32.i32"/></StgValue>
</bind>
</comp>

<comp id="72" class="1001" name="const_72">
<pin_list>
<pin id="73" dir="1" index="0" bw="1" slack="0"/>
</pin_list>
<bind>
<StgValue><ssdm name=""/></StgValue>
</bind>
</comp>

<comp id="74" class="1001" name="const_74">
<pin_list>
<pin id="75" dir="1" index="0" bw="1" slack="0"/>
</pin_list>
<bind>
<StgValue><ssdm name=""/></StgValue>
</bind>
</comp>

<comp id="76" class="1001" name="const_76">
<pin_list>
<pin id="77" dir="1" index="0" bw="1" slack="0"/>
</pin_list>
<bind>
<StgValue><ssdm name=""/></StgValue>
</bind>
</comp>

<comp id="78" class="1001" name="const_78">
<pin_list>
<pin id="79" dir="1" index="0" bw="1" slack="0"/>
</pin_list>
<bind>
<StgValue><ssdm name=""/></StgValue>
</bind>
</comp>

<comp id="80" class="1001" name="const_80">
<pin_list>
<pin id="81" dir="1" index="0" bw="1" slack="0"/>
</pin_list>
<bind>
<StgValue><ssdm name="process_action"/></StgValue>
</bind>
</comp>

<comp id="82" class="1001" name="const_82">
<pin_list>
<pin id="83" dir="1" index="0" bw="1" slack="0"/>
</pin_list>
<bind>
<StgValue><ssdm name="_ssdm_op_Write.s_axilite.i64P"/></StgValue>
</bind>
</comp>

<comp id="84" class="1001" name="const_84">
<pin_list>
<pin id="85" dir="1" index="0" bw="1" slack="0"/>
</pin_list>
<bind>
<StgValue><ssdm name=""/></StgValue>
</bind>
</comp>

<comp id="86" class="1001" name="const_86">
<pin_list>
<pin id="87" dir="1" index="0" bw="1" slack="1"/>
</pin_list>
<bind>
<StgValue><ssdm name=""/></StgValue>
</bind>
</comp>

<comp id="88" class="1001" name="const_88">
<pin_list>
<pin id="89" dir="1" index="0" bw="1" slack="0"/>
</pin_list>
<bind>
<StgValue><ssdm name="llvm.part.set.i992.i32"/></StgValue>
</bind>
</comp>

<comp id="90" class="1001" name="const_90">
<pin_list>
<pin id="91" dir="1" index="0" bw="1" slack="0"/>
</pin_list>
<bind>
<StgValue><ssdm name=""/></StgValue>
</bind>
</comp>

<comp id="92" class="1001" name="const_92">
<pin_list>
<pin id="93" dir="1" index="0" bw="1" slack="0"/>
</pin_list>
<bind>
<StgValue><ssdm name="_ssdm_op_Write.s_axilite.i992P"/></StgValue>
</bind>
</comp>

<comp id="94" class="1004" name="dout_gmem_V_read_read_fu_94">
<pin_list>
<pin id="95" dir="0" index="0" bw="64" slack="0"/>
<pin id="96" dir="0" index="1" bw="64" slack="0"/>
<pin id="97" dir="1" index="2" bw="64" slack="0"/>
</pin_list>
<bind>
<opcode="read(1150) " fcode="read"/>
<opset="dout_gmem_V_read/1 "/>
</bind>
</comp>

<comp id="100" class="1004" name="din_gmem_V_read_read_fu_100">
<pin_list>
<pin id="101" dir="0" index="0" bw="64" slack="0"/>
<pin id="102" dir="0" index="1" bw="64" slack="0"/>
<pin id="103" dir="1" index="2" bw="64" slack="0"/>
</pin_list>
<bind>
<opcode="read(1150) " fcode="read"/>
<opset="din_gmem_V_read/1 "/>
</bind>
</comp>

<comp id="106" class="1004" name="grp_read_fu_106">
<pin_list>
<pin id="107" dir="0" index="0" bw="992" slack="0"/>
<pin id="108" dir="0" index="1" bw="992" slack="0"/>
<pin id="109" dir="1" index="2" bw="992" slack="0"/>
</pin_list>
<bind>
<opcode="read(1150) " fcode="read"/>
<opset="act_reg_read/1 act_reg_read_1/2 "/>
</bind>
</comp>

<comp id="112" class="1004" name="StgValue_25_write_fu_112">
<pin_list>
<pin id="113" dir="0" index="0" bw="0" slack="0"/>
<pin id="114" dir="0" index="1" bw="64" slack="0"/>
<pin id="115" dir="0" index="2" bw="39" slack="0"/>
<pin id="116" dir="1" index="3" bw="0" slack="2147483647"/>
</pin_list>
<bind>
<opcode="write(1151) " fcode="write"/>
<opset="StgValue_25/1 "/>
</bind>
</comp>

<comp id="120" class="1004" name="StgValue_35_write_fu_120">
<pin_list>
<pin id="121" dir="0" index="0" bw="0" slack="0"/>
<pin id="122" dir="0" index="1" bw="992" slack="0"/>
<pin id="123" dir="0" index="2" bw="992" slack="0"/>
<pin id="124" dir="1" index="3" bw="0" slack="2147483647"/>
</pin_list>
<bind>
<opcode="write(1151) " fcode="write"/>
<opset="StgValue_35/2 "/>
</bind>
</comp>

<comp id="127" class="1005" name="storemerge_reg_127">
<pin_list>
<pin id="128" dir="0" index="0" bw="14" slack="1"/>
<pin id="129" dir="1" index="1" bw="14" slack="1"/>
</pin_list>
<bind>
<opset="storemerge (phireg) "/>
</bind>
</comp>

<comp id="131" class="1004" name="storemerge_phi_fu_131">
<pin_list>
<pin id="132" dir="0" index="0" bw="9" slack="0"/>
<pin id="133" dir="0" index="1" bw="0" slack="2147483647"/>
<pin id="134" dir="0" index="2" bw="14" slack="1"/>
<pin id="135" dir="0" index="3" bw="0" slack="2147483647"/>
<pin id="136" dir="1" index="4" bw="14" slack="0"/>
</pin_list>
<bind>
<opcode="phi(47) " fcode="phi"/>
<opset="storemerge/2 "/>
</bind>
</comp>

<comp id="138" class="1004" name="grp_process_action_fu_138">
<pin_list>
<pin id="139" dir="0" index="0" bw="9" slack="0"/>
<pin id="140" dir="0" index="1" bw="512" slack="0"/>
<pin id="141" dir="0" index="2" bw="58" slack="0"/>
<pin id="142" dir="0" index="3" bw="58" slack="0"/>
<pin id="143" dir="0" index="4" bw="64" slack="0"/>
<pin id="144" dir="0" index="5" bw="32" slack="0"/>
<pin id="145" dir="0" index="6" bw="64" slack="0"/>
<pin id="146" dir="1" index="7" bw="9" slack="0"/>
</pin_list>
<bind>
<opcode="call(48) " fcode="call"/>
<opset="tmp_6/1 "/>
</bind>
</comp>

<comp id="149" class="1004" name="dout_gmem_V3_fu_149">
<pin_list>
<pin id="150" dir="0" index="0" bw="58" slack="0"/>
<pin id="151" dir="0" index="1" bw="64" slack="0"/>
<pin id="152" dir="0" index="2" bw="4" slack="0"/>
<pin id="153" dir="0" index="3" bw="7" slack="0"/>
<pin id="154" dir="1" index="4" bw="58" slack="0"/>
</pin_list>
<bind>
<opcode="partselect(1002) " fcode="partselect"/>
<opset="dout_gmem_V3/1 "/>
</bind>
</comp>

<comp id="160" class="1004" name="din_gmem_V1_fu_160">
<pin_list>
<pin id="161" dir="0" index="0" bw="58" slack="0"/>
<pin id="162" dir="0" index="1" bw="64" slack="0"/>
<pin id="163" dir="0" index="2" bw="4" slack="0"/>
<pin id="164" dir="0" index="3" bw="7" slack="0"/>
<pin id="165" dir="1" index="4" bw="58" slack="0"/>
</pin_list>
<bind>
<opcode="partselect(1002) " fcode="partselect"/>
<opset="din_gmem_V1/1 "/>
</bind>
</comp>

<comp id="171" class="1004" name="act_reg_Control_flag_fu_171">
<pin_list>
<pin id="172" dir="0" index="0" bw="8" slack="0"/>
<pin id="173" dir="0" index="1" bw="992" slack="0"/>
<pin id="174" dir="0" index="2" bw="5" slack="0"/>
<pin id="175" dir="0" index="3" bw="5" slack="0"/>
<pin id="176" dir="1" index="4" bw="8" slack="0"/>
</pin_list>
<bind>
<opcode="partselect(1002) " fcode="partselect"/>
<opset="act_reg_Control_flag/1 "/>
</bind>
</comp>

<comp id="181" class="1004" name="cond_fu_181">
<pin_list>
<pin id="182" dir="0" index="0" bw="8" slack="0"/>
<pin id="183" dir="0" index="1" bw="8" slack="0"/>
<pin id="184" dir="1" index="2" bw="1" slack="1"/>
</pin_list>
<bind>
<opcode="icmp(45) " fcode="icmp"/>
<opset="cond/1 "/>
</bind>
</comp>

<comp id="187" class="1004" name="act_reg_Data_in_addr_fu_187">
<pin_list>
<pin id="188" dir="0" index="0" bw="64" slack="0"/>
<pin id="189" dir="0" index="1" bw="992" slack="0"/>
<pin id="190" dir="0" index="2" bw="9" slack="0"/>
<pin id="191" dir="0" index="3" bw="9" slack="0"/>
<pin id="192" dir="1" index="4" bw="64" slack="0"/>
</pin_list>
<bind>
<opcode="partselect(1002) " fcode="partselect"/>
<opset="act_reg_Data_in_addr/1 "/>
</bind>
</comp>

<comp id="198" class="1004" name="act_reg_Data_in_size_fu_198">
<pin_list>
<pin id="199" dir="0" index="0" bw="32" slack="0"/>
<pin id="200" dir="0" index="1" bw="992" slack="0"/>
<pin id="201" dir="0" index="2" bw="9" slack="0"/>
<pin id="202" dir="0" index="3" bw="9" slack="0"/>
<pin id="203" dir="1" index="4" bw="32" slack="0"/>
</pin_list>
<bind>
<opcode="partselect(1002) " fcode="partselect"/>
<opset="act_reg_Data_in_size/1 "/>
</bind>
</comp>

<comp id="209" class="1004" name="act_reg_Data_out_add_fu_209">
<pin_list>
<pin id="210" dir="0" index="0" bw="64" slack="0"/>
<pin id="211" dir="0" index="1" bw="992" slack="0"/>
<pin id="212" dir="0" index="2" bw="10" slack="0"/>
<pin id="213" dir="0" index="3" bw="10" slack="0"/>
<pin id="214" dir="1" index="4" bw="64" slack="0"/>
</pin_list>
<bind>
<opcode="partselect(1002) " fcode="partselect"/>
<opset="act_reg_Data_out_add/1 "/>
</bind>
</comp>

<comp id="220" class="1004" name="storemerge_trunc_ext_fu_220">
<pin_list>
<pin id="221" dir="0" index="0" bw="9" slack="0"/>
<pin id="222" dir="1" index="1" bw="14" slack="0"/>
</pin_list>
<bind>
<opcode="zext(34) " fcode="zext"/>
<opset="storemerge_trunc_ext/2 "/>
</bind>
</comp>

<comp id="225" class="1004" name="storemerge_cast5_fu_225">
<pin_list>
<pin id="226" dir="0" index="0" bw="14" slack="0"/>
<pin id="227" dir="1" index="1" bw="16" slack="0"/>
</pin_list>
<bind>
<opcode="sext(35) " fcode="sext"/>
<opset="storemerge_cast5/2 "/>
</bind>
</comp>

<comp id="229" class="1004" name="storemerge_cast1_fu_229">
<pin_list>
<pin id="230" dir="0" index="0" bw="14" slack="0"/>
<pin id="231" dir="1" index="1" bw="32" slack="0"/>
</pin_list>
<bind>
<opcode="zext(34) " fcode="zext"/>
<opset="storemerge_cast1/2 "/>
</bind>
</comp>

<comp id="233" class="1004" name="act_reg11_part_set_fu_233">
<pin_list>
<pin id="234" dir="0" index="0" bw="992" slack="0"/>
<pin id="235" dir="0" index="1" bw="992" slack="0"/>
<pin id="236" dir="0" index="2" bw="16" slack="0"/>
<pin id="237" dir="0" index="3" bw="7" slack="0"/>
<pin id="238" dir="0" index="4" bw="7" slack="0"/>
<pin id="239" dir="1" index="5" bw="992" slack="0"/>
</pin_list>
<bind>
<opcode="partset(1003) " fcode="partset"/>
<opset="act_reg11_part_set/2 "/>
</bind>
</comp>

<comp id="246" class="1005" name="dout_gmem_V3_reg_246">
<pin_list>
<pin id="247" dir="0" index="0" bw="58" slack="1"/>
<pin id="248" dir="1" index="1" bw="58" slack="1"/>
</pin_list>
<bind>
<opset="dout_gmem_V3 "/>
</bind>
</comp>

<comp id="251" class="1005" name="din_gmem_V1_reg_251">
<pin_list>
<pin id="252" dir="0" index="0" bw="58" slack="1"/>
<pin id="253" dir="1" index="1" bw="58" slack="1"/>
</pin_list>
<bind>
<opset="din_gmem_V1 "/>
</bind>
</comp>

<comp id="256" class="1005" name="cond_reg_256">
<pin_list>
<pin id="257" dir="0" index="0" bw="1" slack="1"/>
<pin id="258" dir="1" index="1" bw="1" slack="2147483647"/>
</pin_list>
<bind>
<opset="cond "/>
</bind>
</comp>

<comp id="260" class="1005" name="act_reg_Data_in_addr_reg_260">
<pin_list>
<pin id="261" dir="0" index="0" bw="64" slack="1"/>
<pin id="262" dir="1" index="1" bw="64" slack="1"/>
</pin_list>
<bind>
<opset="act_reg_Data_in_addr "/>
</bind>
</comp>

<comp id="265" class="1005" name="act_reg_Data_in_size_reg_265">
<pin_list>
<pin id="266" dir="0" index="0" bw="32" slack="1"/>
<pin id="267" dir="1" index="1" bw="32" slack="1"/>
</pin_list>
<bind>
<opset="act_reg_Data_in_size "/>
</bind>
</comp>

<comp id="270" class="1005" name="act_reg_Data_out_add_reg_270">
<pin_list>
<pin id="271" dir="0" index="0" bw="64" slack="1"/>
<pin id="272" dir="1" index="1" bw="64" slack="1"/>
</pin_list>
<bind>
<opset="act_reg_Data_out_add "/>
</bind>
</comp>

</comp_list>

<net_list>
<net id="98"><net_src comp="10" pin="0"/><net_sink comp="94" pin=0"/></net>

<net id="99"><net_src comp="4" pin="0"/><net_sink comp="94" pin=1"/></net>

<net id="104"><net_src comp="10" pin="0"/><net_sink comp="100" pin=0"/></net>

<net id="105"><net_src comp="2" pin="0"/><net_sink comp="100" pin=1"/></net>

<net id="110"><net_src comp="54" pin="0"/><net_sink comp="106" pin=0"/></net>

<net id="111"><net_src comp="6" pin="0"/><net_sink comp="106" pin=1"/></net>

<net id="117"><net_src comp="82" pin="0"/><net_sink comp="112" pin=0"/></net>

<net id="118"><net_src comp="8" pin="0"/><net_sink comp="112" pin=1"/></net>

<net id="119"><net_src comp="84" pin="0"/><net_sink comp="112" pin=2"/></net>

<net id="125"><net_src comp="92" pin="0"/><net_sink comp="120" pin=0"/></net>

<net id="126"><net_src comp="6" pin="0"/><net_sink comp="120" pin=1"/></net>

<net id="130"><net_src comp="86" pin="0"/><net_sink comp="127" pin=0"/></net>

<net id="137"><net_src comp="127" pin="1"/><net_sink comp="131" pin=2"/></net>

<net id="147"><net_src comp="80" pin="0"/><net_sink comp="138" pin=0"/></net>

<net id="148"><net_src comp="0" pin="0"/><net_sink comp="138" pin=1"/></net>

<net id="155"><net_src comp="12" pin="0"/><net_sink comp="149" pin=0"/></net>

<net id="156"><net_src comp="94" pin="2"/><net_sink comp="149" pin=1"/></net>

<net id="157"><net_src comp="14" pin="0"/><net_sink comp="149" pin=2"/></net>

<net id="158"><net_src comp="16" pin="0"/><net_sink comp="149" pin=3"/></net>

<net id="159"><net_src comp="149" pin="4"/><net_sink comp="138" pin=3"/></net>

<net id="166"><net_src comp="12" pin="0"/><net_sink comp="160" pin=0"/></net>

<net id="167"><net_src comp="100" pin="2"/><net_sink comp="160" pin=1"/></net>

<net id="168"><net_src comp="14" pin="0"/><net_sink comp="160" pin=2"/></net>

<net id="169"><net_src comp="16" pin="0"/><net_sink comp="160" pin=3"/></net>

<net id="170"><net_src comp="160" pin="4"/><net_sink comp="138" pin=2"/></net>

<net id="177"><net_src comp="56" pin="0"/><net_sink comp="171" pin=0"/></net>

<net id="178"><net_src comp="106" pin="2"/><net_sink comp="171" pin=1"/></net>

<net id="179"><net_src comp="58" pin="0"/><net_sink comp="171" pin=2"/></net>

<net id="180"><net_src comp="60" pin="0"/><net_sink comp="171" pin=3"/></net>

<net id="185"><net_src comp="171" pin="4"/><net_sink comp="181" pin=0"/></net>

<net id="186"><net_src comp="62" pin="0"/><net_sink comp="181" pin=1"/></net>

<net id="193"><net_src comp="64" pin="0"/><net_sink comp="187" pin=0"/></net>

<net id="194"><net_src comp="106" pin="2"/><net_sink comp="187" pin=1"/></net>

<net id="195"><net_src comp="66" pin="0"/><net_sink comp="187" pin=2"/></net>

<net id="196"><net_src comp="68" pin="0"/><net_sink comp="187" pin=3"/></net>

<net id="197"><net_src comp="187" pin="4"/><net_sink comp="138" pin=4"/></net>

<net id="204"><net_src comp="70" pin="0"/><net_sink comp="198" pin=0"/></net>

<net id="205"><net_src comp="106" pin="2"/><net_sink comp="198" pin=1"/></net>

<net id="206"><net_src comp="72" pin="0"/><net_sink comp="198" pin=2"/></net>

<net id="207"><net_src comp="74" pin="0"/><net_sink comp="198" pin=3"/></net>

<net id="208"><net_src comp="198" pin="4"/><net_sink comp="138" pin=5"/></net>

<net id="215"><net_src comp="64" pin="0"/><net_sink comp="209" pin=0"/></net>

<net id="216"><net_src comp="106" pin="2"/><net_sink comp="209" pin=1"/></net>

<net id="217"><net_src comp="76" pin="0"/><net_sink comp="209" pin=2"/></net>

<net id="218"><net_src comp="78" pin="0"/><net_sink comp="209" pin=3"/></net>

<net id="219"><net_src comp="209" pin="4"/><net_sink comp="138" pin=6"/></net>

<net id="223"><net_src comp="138" pin="7"/><net_sink comp="220" pin=0"/></net>

<net id="224"><net_src comp="220" pin="1"/><net_sink comp="131" pin=0"/></net>

<net id="228"><net_src comp="131" pin="4"/><net_sink comp="225" pin=0"/></net>

<net id="232"><net_src comp="225" pin="1"/><net_sink comp="229" pin=0"/></net>

<net id="240"><net_src comp="88" pin="0"/><net_sink comp="233" pin=0"/></net>

<net id="241"><net_src comp="106" pin="2"/><net_sink comp="233" pin=1"/></net>

<net id="242"><net_src comp="229" pin="1"/><net_sink comp="233" pin=2"/></net>

<net id="243"><net_src comp="90" pin="0"/><net_sink comp="233" pin=3"/></net>

<net id="244"><net_src comp="16" pin="0"/><net_sink comp="233" pin=4"/></net>

<net id="245"><net_src comp="233" pin="5"/><net_sink comp="120" pin=2"/></net>

<net id="249"><net_src comp="149" pin="4"/><net_sink comp="246" pin=0"/></net>

<net id="250"><net_src comp="246" pin="1"/><net_sink comp="138" pin=3"/></net>

<net id="254"><net_src comp="160" pin="4"/><net_sink comp="251" pin=0"/></net>

<net id="255"><net_src comp="251" pin="1"/><net_sink comp="138" pin=2"/></net>

<net id="259"><net_src comp="181" pin="2"/><net_sink comp="256" pin=0"/></net>

<net id="263"><net_src comp="187" pin="4"/><net_sink comp="260" pin=0"/></net>

<net id="264"><net_src comp="260" pin="1"/><net_sink comp="138" pin=4"/></net>

<net id="268"><net_src comp="198" pin="4"/><net_sink comp="265" pin=0"/></net>

<net id="269"><net_src comp="265" pin="1"/><net_sink comp="138" pin=5"/></net>

<net id="273"><net_src comp="209" pin="4"/><net_sink comp="270" pin=0"/></net>

<net id="274"><net_src comp="270" pin="1"/><net_sink comp="138" pin=6"/></net>

</net_list>

</model> 
---------------- Datapath Model END ------------------

* FSMD analyzer results:
  - Output states:
	Port: host_mem | {1 2 }
	Port: act_reg | {2 }
	Port: Action_Config | {1 }
 - Input state : 
	Port: hls_action : host_mem | {1 2 }
	Port: hls_action : din_gmem_V | {1 }
	Port: hls_action : dout_gmem_V | {1 }
	Port: hls_action : act_reg | {1 2 }
  - Chain level:
	State 1
		cond : 1
		StgValue_20 : 2
		tmp_6 : 1
	State 2
		storemerge_trunc_ext : 1
		storemerge : 2
		storemerge_cast5 : 3
		storemerge_cast1 : 4
		act_reg11_part_set : 5
		StgValue_35 : 6


============================================================
+ Verbose Summary: Datapath Resource usage 
============================================================

* Functional unit list:
|----------|-----------------------------|---------|---------|---------|---------|
| Operation|       Functional Unit       |  DSP48E |  Delay  |    FF   |   LUT   |
|----------|-----------------------------|---------|---------|---------|---------|
|   call   |  grp_process_action_fu_138  |    11   |   4.46  |   2248  |   1517  |
|----------|-----------------------------|---------|---------|---------|---------|
|   icmp   |         cond_fu_181         |    0    |    0    |    0    |    3    |
|----------|-----------------------------|---------|---------|---------|---------|
|          | dout_gmem_V_read_read_fu_94 |    0    |    0    |    0    |    0    |
|   read   | din_gmem_V_read_read_fu_100 |    0    |    0    |    0    |    0    |
|          |       grp_read_fu_106       |    0    |    0    |    0    |    0    |
|----------|-----------------------------|---------|---------|---------|---------|
|   write  |   StgValue_25_write_fu_112  |    0    |    0    |    0    |    0    |
|          |   StgValue_35_write_fu_120  |    0    |    0    |    0    |    0    |
|----------|-----------------------------|---------|---------|---------|---------|
|          |     dout_gmem_V3_fu_149     |    0    |    0    |    0    |    0    |
|          |      din_gmem_V1_fu_160     |    0    |    0    |    0    |    0    |
|partselect| act_reg_Control_flag_fu_171 |    0    |    0    |    0    |    0    |
|          | act_reg_Data_in_addr_fu_187 |    0    |    0    |    0    |    0    |
|          | act_reg_Data_in_size_fu_198 |    0    |    0    |    0    |    0    |
|          | act_reg_Data_out_add_fu_209 |    0    |    0    |    0    |    0    |
|----------|-----------------------------|---------|---------|---------|---------|
|   zext   | storemerge_trunc_ext_fu_220 |    0    |    0    |    0    |    0    |
|          |   storemerge_cast1_fu_229   |    0    |    0    |    0    |    0    |
|----------|-----------------------------|---------|---------|---------|---------|
|   sext   |   storemerge_cast5_fu_225   |    0    |    0    |    0    |    0    |
|----------|-----------------------------|---------|---------|---------|---------|
|  partset |  act_reg11_part_set_fu_233  |    0    |    0    |    0    |    0    |
|----------|-----------------------------|---------|---------|---------|---------|
|   Total  |                             |    11   |   4.46  |   2248  |   1520  |
|----------|-----------------------------|---------|---------|---------|---------|

Memories:
N/A

* Register list:
+----------------------------+--------+
|                            |   FF   |
+----------------------------+--------+
|act_reg_Data_in_addr_reg_260|   64   |
|act_reg_Data_in_size_reg_265|   32   |
|act_reg_Data_out_add_reg_270|   64   |
|        cond_reg_256        |    1   |
|     din_gmem_V1_reg_251    |   58   |
|    dout_gmem_V3_reg_246    |   58   |
|     storemerge_reg_127     |   14   |
+----------------------------+--------+
|            Total           |   291  |
+----------------------------+--------+

* Multiplexer (MUX) list: 
|---------------------------|------|------|------|--------||---------||---------|
|            Comp           |  Pin | Size |  BW  | S x BW ||  Delay  ||   LUT   |
|---------------------------|------|------|------|--------||---------||---------|
| grp_process_action_fu_138 |  p2  |   2  |  58  |   116  ||    58   |
| grp_process_action_fu_138 |  p3  |   2  |  58  |   116  ||    58   |
| grp_process_action_fu_138 |  p4  |   2  |  64  |   128  ||    64   |
| grp_process_action_fu_138 |  p5  |   2  |  32  |   64   ||    32   |
| grp_process_action_fu_138 |  p6  |   2  |  64  |   128  ||    64   |
|---------------------------|------|------|------|--------||---------||---------|
|           Total           |      |      |      |   552  ||   4.46  ||   276   |
|---------------------------|------|------|------|--------||---------||---------|



* Summary:
+-----------+--------+--------+--------+--------+
|           | DSP48E |  Delay |   FF   |   LUT  |
+-----------+--------+--------+--------+--------+
|  Function |   11   |    4   |  2248  |  1520  |
|   Memory  |    -   |    -   |    -   |    -   |
|Multiplexer|    -   |    4   |    -   |   276  |
|  Register |    -   |    -   |   291  |    -   |
+-----------+--------+--------+--------+--------+
|   Total   |   11   |    8   |  2539  |  1796  |
+-----------+--------+--------+--------+--------+
